#
# A fatal error has been detected by the Java Runtime Environment:
#
#  EXCEPTION_ACCESS_VIOLATION (0xc0000005) at pc=0x00007ffba37114e0, pid=18880, tid=62616
#
# JRE version: Java(TM) SE Runtime Environment 18.9 (11.0.17+10) (build 11.0.17+10-LTS-269)
# Java VM: Java HotSpot(TM) 64-Bit Server VM 18.9 (11.0.17+10-LTS-269, mixed mode, tiered, compressed oops, g1 gc, windows-amd64)
# Problematic frame:
# V  [jvm.dll+0x6814e0]
#
# No core dump will be written. Minidumps are not enabled by default on client versions of Windows
#
# If you would like to submit a bug report, please visit:
#   https://bugreport.java.com/bugreport/crash.jsp
#

---------------  S U M M A R Y ------------

Command Line: -ea -Didea.test.cyclic.buffer.size=1048576 -javaagent:C:\Program Files\JetBrains\IntelliJ IDEA Community Edition 2022.3\lib\idea_rt.jar=64251:C:\Program Files\JetBrains\IntelliJ IDEA Community Edition 2022.3\bin -Dfile.encoding=UTF-8 com.intellij.rt.junit.JUnitStarter -ideVersion5 -junit5 hello.hellospring.service.MemberServiceIntegrationTest,회원가입

Host: AMD Ryzen 5 1600 Six-Core Processor            , 12 cores, 15G,  Windows 10 , 64 bit Build 19041 (10.0.19041.2251)
Time: Tue Dec 13 11:02:44 2022  Windows 10 , 64 bit Build 19041 (10.0.19041.2251) elapsed time: 10.674699 seconds (0d 0h 0m 10s)

---------------  T H R E A D  ---------------

Current thread (0x000001f29e7fb000):  JavaThread "C2 CompilerThread1" daemon [_thread_in_native, id=62616, stack(0x000000c81cc00000,0x000000c81cd00000)]


Current CompileTask:
C2:  10674 4683   !   4       jdk.internal.loader.BuiltinClassLoader::findClassOnClassPathOrNull (64 bytes)

Stack: [0x000000c81cc00000,0x000000c81cd00000],  sp=0x000000c81ccfbcd8,  free space=1007k
Native frames: (J=compiled Java code, j=interpreted, Vv=VM code, C=native code)
V  [jvm.dll+0x6814e0]


siginfo: EXCEPTION_ACCESS_VIOLATION (0xc0000005), reading address 0x00000000a589af0c


Register to memory mapping:

RIP=0x00007ffba37114e0 jvm.dll
RAX=0x00000000ffffffff is an unknown value
RBX=0x000001f2a589aed0 points into unknown readable memory: 0x0000000000000000 | 00 00 00 00 00 00 00 00
RCX=0x00000000a589af0c is an unknown value
RDX=0x0 is NULL
RSP=0x000000c81ccfbcd8 is pointing into the stack for thread: 0x000001f29e7fb000
RBP=0x0000000000000006 is an unknown value
RSI=0x000001f29c6bc590 points into unknown readable memory: 0x00007ffba3876110 | 10 61 87 a3 fb 7f 00 00
RDI=0x000001f2a589af08 points into unknown readable memory: 0x0003000300000000 | 00 00 00 00 03 00 03 00
R8 =0x0000000000000001 is an unknown value
R9 =0x0000000000000010 is an unknown value
R10=0x0 is NULL
R11=0x0 is NULL
R12=0x0000000000000004 is an unknown value
R13=0x0000000000000020 is an unknown value
R14=0x0 is NULL
R15=0x00007ffba3a6c6a0 jvm.dll


Registers:
RAX=0x00000000ffffffff, RBX=0x000001f2a589aed0, RCX=0x00000000a589af0c, RDX=0x0000000000000000
RSP=0x000000c81ccfbcd8, RBP=0x0000000000000006, RSI=0x000001f29c6bc590, RDI=0x000001f2a589af08
R8 =0x0000000000000001, R9 =0x0000000000000010, R10=0x0000000000000000, R11=0x0000000000000000
R12=0x0000000000000004, R13=0x0000000000000020, R14=0x0000000000000000, R15=0x00007ffba3a6c6a0
RIP=0x00007ffba37114e0, EFLAGS=0x0000000000010293

Top of Stack: (sp=0x000000c81ccfbcd8)
0x000000c81ccfbcd8:   00007ffba321f68f 0000000000000164
0x000000c81ccfbce8:   000001f29fe855a8 000001f2a589aed0
0x000000c81ccfbcf8:   000000c81ccfc200 000000eb00000014
0x000000c81ccfbd08:   00007ffb00000005 000001f29fe855a8
0x000000c81ccfbd18:   0000000000000180 0000000000000000
0x000000c81ccfbd28:   0000000000000000 000001f2a5a6a480
0x000000c81ccfbd38:   000001f29b99ade0 00000000000003d8
0x000000c81ccfbd48:   000001f29b99add0 000001f29b99b1b8
0x000000c81ccfbd58:   000000c81ccfc2e8 0000000000000000
0x000000c81ccfbd68:   000000c81ccfbe80 000000c81ccfc200
0x000000c81ccfbd78:   00007ffba321ce5b 000000c81ccfc200
0x000000c81ccfbd88:   000000c81ccfbe01 000000c81ccfc201
0x000000c81ccfbd98:   00000000ffffffff 00007ffba38c1d00
0x000000c81ccfbda8:   000000000000000d 00007ffb00000006
0x000000c81ccfbdb8:   000001f29b99add0 000001f29c9372b0
0x000000c81ccfbdc8:   000001f29c93d2c0 000001f29c93f298 

Instructions: (pc=0x00007ffba37114e0)
0x00007ffba37114c0:   16 7c d0 b0 01 c3 32 c0 c3 cc cc cc cc cc cc cc
0x00007ffba37114d0:   f7 41 54 00 00 00 80 75 32 b8 ff ff ff ff 33 d2
0x00007ffba37114e0:   44 8b 01 45 85 c0 74 12 83 f8 ff 75 1e 41 8b c0
0x00007ffba37114f0:   f7 d8 41 23 c0 41 3b c0 75 11 ff c2 48 83 c1 04 


Stack slot to memory mapping:
stack at sp + 0 slots: 0x00007ffba321f68f jvm.dll
stack at sp + 1 slots: 0x0000000000000164 is an unknown value
stack at sp + 2 slots: 0x000001f29fe855a8 points into unknown readable memory: 0x00007ffba38c2a50 | 50 2a 8c a3 fb 7f 00 00
stack at sp + 3 slots: 0x000001f2a589aed0 points into unknown readable memory: 0x0000000000000000 | 00 00 00 00 00 00 00 00
stack at sp + 4 slots: 0x000000c81ccfc200 is pointing into the stack for thread: 0x000001f29e7fb000
stack at sp + 5 slots: 0x000000eb00000014 is an unknown value
stack at sp + 6 slots: 0x00007ffb00000005 is an unknown value
stack at sp + 7 slots: 0x000001f29fe855a8 points into unknown readable memory: 0x00007ffba38c2a50 | 50 2a 8c a3 fb 7f 00 00


---------------  P R O C E S S  ---------------

Threads class SMR info:
_java_thread_list=0x000001f29e508350, length=14, elements={
0x000001f2f7cc0000, 0x000001f29aecc000, 0x000001f29aed6000, 0x000001f29b7e6000,
0x000001f29b7e8000, 0x000001f29b7ea800, 0x000001f29b7f3800, 0x000001f29b7f9000,
0x000001f29b803000, 0x000001f29b970000, 0x000001f29b96a000, 0x000001f29e7fb000,
0x000001f29fa8c000, 0x000001f29b96b000
}

Java Threads: ( => current thread )
  0x000001f2f7cc0000 JavaThread "main" [_thread_blocked, id=50416, stack(0x000000c81b000000,0x000000c81b100000)]
  0x000001f29aecc000 JavaThread "Reference Handler" daemon [_thread_blocked, id=18664, stack(0x000000c81b700000,0x000000c81b800000)]
  0x000001f29aed6000 JavaThread "Finalizer" daemon [_thread_blocked, id=57800, stack(0x000000c81b800000,0x000000c81b900000)]
  0x000001f29b7e6000 JavaThread "Signal Dispatcher" daemon [_thread_blocked, id=13492, stack(0x000000c81b900000,0x000000c81ba00000)]
  0x000001f29b7e8000 JavaThread "Attach Listener" daemon [_thread_blocked, id=24272, stack(0x000000c81ba00000,0x000000c81bb00000)]
  0x000001f29b7ea800 JavaThread "Service Thread" daemon [_thread_blocked, id=63560, stack(0x000000c81bb00000,0x000000c81bc00000)]
  0x000001f29b7f3800 JavaThread "C2 CompilerThread0" daemon [_thread_blocked, id=61064, stack(0x000000c81bc00000,0x000000c81bd00000)]
  0x000001f29b7f9000 JavaThread "C1 CompilerThread0" daemon [_thread_blocked, id=21232, stack(0x000000c81bd00000,0x000000c81be00000)]
  0x000001f29b803000 JavaThread "Sweeper thread" daemon [_thread_blocked, id=47956, stack(0x000000c81be00000,0x000000c81bf00000)]
  0x000001f29b970000 JavaThread "Common-Cleaner" daemon [_thread_blocked, id=59488, stack(0x000000c81bf00000,0x000000c81c000000)]
  0x000001f29b96a000 JavaThread "Monitor Ctrl-Break" daemon [_thread_in_native, id=51508, stack(0x000000c81c100000,0x000000c81c200000)]
=>0x000001f29e7fb000 JavaThread "C2 CompilerThread1" daemon [_thread_in_native, id=62616, stack(0x000000c81cc00000,0x000000c81cd00000)]
  0x000001f29fa8c000 JavaThread "C2 CompilerThread2" daemon [_thread_in_native, id=44376, stack(0x000000c81cd00000,0x000000c81ce00000)]
  0x000001f29b96b000 Thread [stack: 0x000000c81cf00000,0x000000c81d000000] [id=21252]

Other Threads:
  0x000001f29aec9000 VMThread "VM Thread" [stack: 0x000000c81b600000,0x000000c81b700000] [id=54100]
  0x000001f29bb3b000 WatcherThread [stack: 0x000000c81c200000,0x000000c81c300000] [id=37364]
  0x000001f2f7cd5000 GCTaskThread "GC Thread#0" [stack: 0x000000c81b100000,0x000000c81b200000] [id=11832]
  0x000001f29c680800 GCTaskThread "GC Thread#1" [stack: 0x000000c81c300000,0x000000c81c400000] [id=28372]
  0x000001f29c207000 GCTaskThread "GC Thread#2" [stack: 0x000000c81c400000,0x000000c81c500000] [id=50944]
  0x000001f29c285800 GCTaskThread "GC Thread#3" [stack: 0x000000c81c500000,0x000000c81c600000] [id=12348]
  0x000001f29c239800 GCTaskThread "GC Thread#4" [stack: 0x000000c81c600000,0x000000c81c700000] [id=10024]
  0x000001f29c9c6000 GCTaskThread "GC Thread#5" [stack: 0x000000c81c700000,0x000000c81c800000] [id=38140]
  0x000001f2f7d32000 ConcurrentGCThread "G1 Main Marker" [stack: 0x000000c81b200000,0x000000c81b300000] [id=6960]
  0x000001f2f7d34800 ConcurrentGCThread "G1 Conc#0" [stack: 0x000000c81b300000,0x000000c81b400000] [id=8176]
  0x000001f29e0ff000 ConcurrentGCThread "G1 Conc#1" [stack: 0x000000c81c800000,0x000000c81c900000] [id=14268]
  0x000001f29c27e800 ConcurrentGCThread "G1 Conc#2" [stack: 0x000000c81c900000,0x000000c81ca00000] [id=57172]
  0x000001f29adaa800 ConcurrentGCThread "G1 Refine#0" [stack: 0x000000c81b400000,0x000000c81b500000] [id=10360]
  0x000001f29adac800 ConcurrentGCThread "G1 Young RemSet Sampling" [stack: 0x000000c81b500000,0x000000c81b600000] [id=47208]

Threads with active compile tasks:
C2 CompilerThread1    10715 4683   !   4       jdk.internal.loader.BuiltinClassLoader::findClassOnClassPathOrNull (64 bytes)

VM state:not at safepoint (normal execution)

VM Mutex/Monitor currently owned by a thread: None

Heap address: 0x0000000701000000, size: 4080 MB, Compressed Oops mode: Zero based, Oop shift amount: 3
Narrow klass base: 0x0000000800000000, Narrow klass shift: 0
Compressed class space size: 1073741824 Address: 0x0000000800000000

Heap:
 garbage-first heap   total 262144K, used 39047K [0x0000000701000000, 0x0000000800000000)
  region size 1024K, 29 young (29696K), 14 survivors (14336K)
 Metaspace       used 61100K, capacity 62805K, committed 63024K, reserved 1103872K
  class space    used 8050K, capacity 8748K, committed 8832K, reserved 1048576K
Heap Regions: E=young(eden), S=young(survivor), O=old, HS=humongous(starts), HC=humongous(continues), CS=collection set, F=free, A=archive, TAMS=top-at-mark-start (previous, next)
|   0|0x0000000701000000, 0x0000000701100000, 0x0000000701100000|100%|HS|  |TAMS 0x0000000701100000, 0x0000000701000000| Complete 
|   1|0x0000000701100000, 0x0000000701200000, 0x0000000701200000|100%| O|  |TAMS 0x0000000701200000, 0x0000000701100000| Untracked 
|   2|0x0000000701200000, 0x0000000701300000, 0x0000000701300000|100%| O|  |TAMS 0x0000000701300000, 0x0000000701200000| Untracked 
|   3|0x0000000701300000, 0x0000000701400000, 0x0000000701400000|100%| O|  |TAMS 0x0000000701400000, 0x0000000701300000| Untracked 
|   4|0x0000000701400000, 0x0000000701500000, 0x0000000701500000|100%| O|  |TAMS 0x0000000701500000, 0x0000000701400000| Untracked 
|   5|0x0000000701500000, 0x0000000701600000, 0x0000000701600000|100%| O|  |TAMS 0x0000000701600000, 0x0000000701500000| Untracked 
|   6|0x0000000701600000, 0x0000000701700000, 0x0000000701700000|100%| O|  |TAMS 0x0000000701700000, 0x0000000701600000| Untracked 
|   7|0x0000000701700000, 0x0000000701800000, 0x0000000701800000|100%| O|  |TAMS 0x0000000701800000, 0x0000000701700000| Untracked 
|   8|0x0000000701800000, 0x0000000701900000, 0x0000000701900000|100%| O|  |TAMS 0x0000000701900000, 0x0000000701800000| Untracked 
|   9|0x0000000701900000, 0x0000000701a00000, 0x0000000701a00000|100%| O|  |TAMS 0x0000000701a00000, 0x0000000701900000| Untracked 
|  10|0x0000000701a00000, 0x0000000701a6d200, 0x0000000701b00000| 42%| O|  |TAMS 0x0000000701a6d200, 0x0000000701a00000| Untracked 
|  11|0x0000000701b00000, 0x0000000701b00000, 0x0000000701c00000|  0%| F|  |TAMS 0x0000000701b00000, 0x0000000701b00000| Untracked 
|  12|0x0000000701c00000, 0x0000000701c00000, 0x0000000701d00000|  0%| F|  |TAMS 0x0000000701c00000, 0x0000000701c00000| Untracked 
|  13|0x0000000701d00000, 0x0000000701d00000, 0x0000000701e00000|  0%| F|  |TAMS 0x0000000701d00000, 0x0000000701d00000| Untracked 
|  14|0x0000000701e00000, 0x0000000701e00000, 0x0000000701f00000|  0%| F|  |TAMS 0x0000000701e00000, 0x0000000701e00000| Untracked 
|  15|0x0000000701f00000, 0x0000000701f00000, 0x0000000702000000|  0%| F|  |TAMS 0x0000000701f00000, 0x0000000701f00000| Untracked 
|  16|0x0000000702000000, 0x0000000702000000, 0x0000000702100000|  0%| F|  |TAMS 0x0000000702000000, 0x0000000702000000| Untracked 
|  17|0x0000000702100000, 0x0000000702100000, 0x0000000702200000|  0%| F|  |TAMS 0x0000000702100000, 0x0000000702100000| Untracked 
|  18|0x0000000702200000, 0x0000000702200000, 0x0000000702300000|  0%| F|  |TAMS 0x0000000702200000, 0x0000000702200000| Untracked 
|  19|0x0000000702300000, 0x0000000702300000, 0x0000000702400000|  0%| F|  |TAMS 0x0000000702300000, 0x0000000702300000| Untracked 
|  20|0x0000000702400000, 0x0000000702400000, 0x0000000702500000|  0%| F|  |TAMS 0x0000000702400000, 0x0000000702400000| Untracked 
|  21|0x0000000702500000, 0x0000000702500000, 0x0000000702600000|  0%| F|  |TAMS 0x0000000702500000, 0x0000000702500000| Untracked 
|  22|0x0000000702600000, 0x0000000702600000, 0x0000000702700000|  0%| F|  |TAMS 0x0000000702600000, 0x0000000702600000| Untracked 
|  23|0x0000000702700000, 0x0000000702700000, 0x0000000702800000|  0%| F|  |TAMS 0x0000000702700000, 0x0000000702700000| Untracked 
|  24|0x0000000702800000, 0x0000000702800000, 0x0000000702900000|  0%| F|  |TAMS 0x0000000702800000, 0x0000000702800000| Untracked 
|  25|0x0000000702900000, 0x0000000702900000, 0x0000000702a00000|  0%| F|  |TAMS 0x0000000702900000, 0x0000000702900000| Untracked 
|  26|0x0000000702a00000, 0x0000000702a00000, 0x0000000702b00000|  0%| F|  |TAMS 0x0000000702a00000, 0x0000000702a00000| Untracked 
|  27|0x0000000702b00000, 0x0000000702b00000, 0x0000000702c00000|  0%| F|  |TAMS 0x0000000702b00000, 0x0000000702b00000| Untracked 
|  28|0x0000000702c00000, 0x0000000702c00000, 0x0000000702d00000|  0%| F|  |TAMS 0x0000000702c00000, 0x0000000702c00000| Untracked 
|  29|0x0000000702d00000, 0x0000000702d00000, 0x0000000702e00000|  0%| F|  |TAMS 0x0000000702d00000, 0x0000000702d00000| Untracked 
|  30|0x0000000702e00000, 0x0000000702e00000, 0x0000000702f00000|  0%| F|  |TAMS 0x0000000702e00000, 0x0000000702e00000| Untracked 
|  31|0x0000000702f00000, 0x0000000702f00000, 0x0000000703000000|  0%| F|  |TAMS 0x0000000702f00000, 0x0000000702f00000| Untracked 
|  32|0x0000000703000000, 0x0000000703000000, 0x0000000703100000|  0%| F|  |TAMS 0x0000000703000000, 0x0000000703000000| Untracked 
|  33|0x0000000703100000, 0x0000000703100000, 0x0000000703200000|  0%| F|  |TAMS 0x0000000703100000, 0x0000000703100000| Untracked 
|  34|0x0000000703200000, 0x0000000703200000, 0x0000000703300000|  0%| F|  |TAMS 0x0000000703200000, 0x0000000703200000| Untracked 
|  35|0x0000000703300000, 0x0000000703300000, 0x0000000703400000|  0%| F|  |TAMS 0x0000000703300000, 0x0000000703300000| Untracked 
|  36|0x0000000703400000, 0x0000000703400000, 0x0000000703500000|  0%| F|  |TAMS 0x0000000703400000, 0x0000000703400000| Untracked 
|  37|0x0000000703500000, 0x0000000703500000, 0x0000000703600000|  0%| F|  |TAMS 0x0000000703500000, 0x0000000703500000| Untracked 
|  38|0x0000000703600000, 0x0000000703600000, 0x0000000703700000|  0%| F|  |TAMS 0x0000000703600000, 0x0000000703600000| Untracked 
|  39|0x0000000703700000, 0x0000000703700000, 0x0000000703800000|  0%| F|  |TAMS 0x0000000703700000, 0x0000000703700000| Untracked 
|  40|0x0000000703800000, 0x0000000703800000, 0x0000000703900000|  0%| F|  |TAMS 0x0000000703800000, 0x0000000703800000| Untracked 
|  41|0x0000000703900000, 0x0000000703900000, 0x0000000703a00000|  0%| F|  |TAMS 0x0000000703900000, 0x0000000703900000| Untracked 
|  42|0x0000000703a00000, 0x0000000703a00000, 0x0000000703b00000|  0%| F|  |TAMS 0x0000000703a00000, 0x0000000703a00000| Untracked 
|  43|0x0000000703b00000, 0x0000000703b00000, 0x0000000703c00000|  0%| F|  |TAMS 0x0000000703b00000, 0x0000000703b00000| Untracked 
|  44|0x0000000703c00000, 0x0000000703c00000, 0x0000000703d00000|  0%| F|  |TAMS 0x0000000703c00000, 0x0000000703c00000| Untracked 
|  45|0x0000000703d00000, 0x0000000703d00000, 0x0000000703e00000|  0%| F|  |TAMS 0x0000000703d00000, 0x0000000703d00000| Untracked 
|  46|0x0000000703e00000, 0x0000000703e00000, 0x0000000703f00000|  0%| F|  |TAMS 0x0000000703e00000, 0x0000000703e00000| Untracked 
|  47|0x0000000703f00000, 0x0000000703f00000, 0x0000000704000000|  0%| F|  |TAMS 0x0000000703f00000, 0x0000000703f00000| Untracked 
|  48|0x0000000704000000, 0x0000000704000000, 0x0000000704100000|  0%| F|  |TAMS 0x0000000704000000, 0x0000000704000000| Untracked 
|  49|0x0000000704100000, 0x0000000704100000, 0x0000000704200000|  0%| F|  |TAMS 0x0000000704100000, 0x0000000704100000| Untracked 
|  50|0x0000000704200000, 0x0000000704200000, 0x0000000704300000|  0%| F|  |TAMS 0x0000000704200000, 0x0000000704200000| Untracked 
|  51|0x0000000704300000, 0x0000000704300000, 0x0000000704400000|  0%| F|  |TAMS 0x0000000704300000, 0x0000000704300000| Untracked 
|  52|0x0000000704400000, 0x0000000704400000, 0x0000000704500000|  0%| F|  |TAMS 0x0000000704400000, 0x0000000704400000| Untracked 
|  53|0x0000000704500000, 0x0000000704500000, 0x0000000704600000|  0%| F|  |TAMS 0x0000000704500000, 0x0000000704500000| Untracked 
|  54|0x0000000704600000, 0x0000000704600000, 0x0000000704700000|  0%| F|  |TAMS 0x0000000704600000, 0x0000000704600000| Untracked 
|  55|0x0000000704700000, 0x0000000704700000, 0x0000000704800000|  0%| F|  |TAMS 0x0000000704700000, 0x0000000704700000| Untracked 
|  56|0x0000000704800000, 0x0000000704800000, 0x0000000704900000|  0%| F|  |TAMS 0x0000000704800000, 0x0000000704800000| Untracked 
|  57|0x0000000704900000, 0x0000000704900000, 0x0000000704a00000|  0%| F|  |TAMS 0x0000000704900000, 0x0000000704900000| Untracked 
|  58|0x0000000704a00000, 0x0000000704a00000, 0x0000000704b00000|  0%| F|  |TAMS 0x0000000704a00000, 0x0000000704a00000| Untracked 
|  59|0x0000000704b00000, 0x0000000704b00000, 0x0000000704c00000|  0%| F|  |TAMS 0x0000000704b00000, 0x0000000704b00000| Untracked 
|  60|0x0000000704c00000, 0x0000000704c00000, 0x0000000704d00000|  0%| F|  |TAMS 0x0000000704c00000, 0x0000000704c00000| Untracked 
|  61|0x0000000704d00000, 0x0000000704d00000, 0x0000000704e00000|  0%| F|  |TAMS 0x0000000704d00000, 0x0000000704d00000| Untracked 
|  62|0x0000000704e00000, 0x0000000704e00000, 0x0000000704f00000|  0%| F|  |TAMS 0x0000000704e00000, 0x0000000704e00000| Untracked 
|  63|0x0000000704f00000, 0x0000000704f00000, 0x0000000705000000|  0%| F|  |TAMS 0x0000000704f00000, 0x0000000704f00000| Untracked 
|  64|0x0000000705000000, 0x0000000705000000, 0x0000000705100000|  0%| F|  |TAMS 0x0000000705000000, 0x0000000705000000| Untracked 
|  65|0x0000000705100000, 0x0000000705100000, 0x0000000705200000|  0%| F|  |TAMS 0x0000000705100000, 0x0000000705100000| Untracked 
|  66|0x0000000705200000, 0x0000000705200000, 0x0000000705300000|  0%| F|  |TAMS 0x0000000705200000, 0x0000000705200000| Untracked 
|  67|0x0000000705300000, 0x0000000705300000, 0x0000000705400000|  0%| F|  |TAMS 0x0000000705300000, 0x0000000705300000| Untracked 
|  68|0x0000000705400000, 0x0000000705400000, 0x0000000705500000|  0%| F|  |TAMS 0x0000000705400000, 0x0000000705400000| Untracked 
|  69|0x0000000705500000, 0x0000000705500000, 0x0000000705600000|  0%| F|  |TAMS 0x0000000705500000, 0x0000000705500000| Untracked 
|  70|0x0000000705600000, 0x0000000705600000, 0x0000000705700000|  0%| F|  |TAMS 0x0000000705600000, 0x0000000705600000| Untracked 
|  71|0x0000000705700000, 0x0000000705700000, 0x0000000705800000|  0%| F|  |TAMS 0x0000000705700000, 0x0000000705700000| Untracked 
|  72|0x0000000705800000, 0x0000000705800000, 0x0000000705900000|  0%| F|  |TAMS 0x0000000705800000, 0x0000000705800000| Untracked 
|  73|0x0000000705900000, 0x0000000705900000, 0x0000000705a00000|  0%| F|  |TAMS 0x0000000705900000, 0x0000000705900000| Untracked 
|  74|0x0000000705a00000, 0x0000000705a00000, 0x0000000705b00000|  0%| F|  |TAMS 0x0000000705a00000, 0x0000000705a00000| Untracked 
|  75|0x0000000705b00000, 0x0000000705b00000, 0x0000000705c00000|  0%| F|  |TAMS 0x0000000705b00000, 0x0000000705b00000| Untracked 
|  76|0x0000000705c00000, 0x0000000705c00000, 0x0000000705d00000|  0%| F|  |TAMS 0x0000000705c00000, 0x0000000705c00000| Untracked 
|  77|0x0000000705d00000, 0x0000000705d00000, 0x0000000705e00000|  0%| F|  |TAMS 0x0000000705d00000, 0x0000000705d00000| Untracked 
|  78|0x0000000705e00000, 0x0000000705e00000, 0x0000000705f00000|  0%| F|  |TAMS 0x0000000705e00000, 0x0000000705e00000| Untracked 
|  79|0x0000000705f00000, 0x0000000705f00000, 0x0000000706000000|  0%| F|  |TAMS 0x0000000705f00000, 0x0000000705f00000| Untracked 
|  80|0x0000000706000000, 0x0000000706000000, 0x0000000706100000|  0%| F|  |TAMS 0x0000000706000000, 0x0000000706000000| Untracked 
|  81|0x0000000706100000, 0x0000000706100000, 0x0000000706200000|  0%| F|  |TAMS 0x0000000706100000, 0x0000000706100000| Untracked 
|  82|0x0000000706200000, 0x0000000706200000, 0x0000000706300000|  0%| F|  |TAMS 0x0000000706200000, 0x0000000706200000| Untracked 
|  83|0x0000000706300000, 0x0000000706300000, 0x0000000706400000|  0%| F|  |TAMS 0x0000000706300000, 0x0000000706300000| Untracked 
|  84|0x0000000706400000, 0x0000000706400000, 0x0000000706500000|  0%| F|  |TAMS 0x0000000706400000, 0x0000000706400000| Untracked 
|  85|0x0000000706500000, 0x0000000706500000, 0x0000000706600000|  0%| F|  |TAMS 0x0000000706500000, 0x0000000706500000| Untracked 
|  86|0x0000000706600000, 0x0000000706600000, 0x0000000706700000|  0%| F|  |TAMS 0x0000000706600000, 0x0000000706600000| Untracked 
|  87|0x0000000706700000, 0x0000000706700000, 0x0000000706800000|  0%| F|  |TAMS 0x0000000706700000, 0x0000000706700000| Untracked 
|  88|0x0000000706800000, 0x0000000706800000, 0x0000000706900000|  0%| F|  |TAMS 0x0000000706800000, 0x0000000706800000| Untracked 
|  89|0x0000000706900000, 0x0000000706900000, 0x0000000706a00000|  0%| F|  |TAMS 0x0000000706900000, 0x0000000706900000| Untracked 
|  90|0x0000000706a00000, 0x0000000706a00000, 0x0000000706b00000|  0%| F|  |TAMS 0x0000000706a00000, 0x0000000706a00000| Untracked 
|  91|0x0000000706b00000, 0x0000000706b00000, 0x0000000706c00000|  0%| F|  |TAMS 0x0000000706b00000, 0x0000000706b00000| Untracked 
|  92|0x0000000706c00000, 0x0000000706c00000, 0x0000000706d00000|  0%| F|  |TAMS 0x0000000706c00000, 0x0000000706c00000| Untracked 
|  93|0x0000000706d00000, 0x0000000706d00000, 0x0000000706e00000|  0%| F|  |TAMS 0x0000000706d00000, 0x0000000706d00000| Untracked 
|  94|0x0000000706e00000, 0x0000000706e00000, 0x0000000706f00000|  0%| F|  |TAMS 0x0000000706e00000, 0x0000000706e00000| Untracked 
|  95|0x0000000706f00000, 0x0000000706f00000, 0x0000000707000000|  0%| F|  |TAMS 0x0000000706f00000, 0x0000000706f00000| Untracked 
|  96|0x0000000707000000, 0x0000000707000000, 0x0000000707100000|  0%| F|  |TAMS 0x0000000707000000, 0x0000000707000000| Untracked 
|  97|0x0000000707100000, 0x0000000707100000, 0x0000000707200000|  0%| F|  |TAMS 0x0000000707100000, 0x0000000707100000| Untracked 
|  98|0x0000000707200000, 0x0000000707200000, 0x0000000707300000|  0%| F|  |TAMS 0x0000000707200000, 0x0000000707200000| Untracked 
|  99|0x0000000707300000, 0x0000000707300000, 0x0000000707400000|  0%| F|  |TAMS 0x0000000707300000, 0x0000000707300000| Untracked 
| 100|0x0000000707400000, 0x0000000707400000, 0x0000000707500000|  0%| F|  |TAMS 0x0000000707400000, 0x0000000707400000| Untracked 
| 101|0x0000000707500000, 0x0000000707500000, 0x0000000707600000|  0%| F|  |TAMS 0x0000000707500000, 0x0000000707500000| Untracked 
| 102|0x0000000707600000, 0x0000000707600000, 0x0000000707700000|  0%| F|  |TAMS 0x0000000707600000, 0x0000000707600000| Untracked 
| 103|0x0000000707700000, 0x00000007077b4bb0, 0x0000000707800000| 70%| S|CS|TAMS 0x0000000707700000, 0x0000000707700000| Complete 
| 104|0x0000000707800000, 0x0000000707900000, 0x0000000707900000|100%| S|CS|TAMS 0x0000000707800000, 0x0000000707800000| Complete 
| 105|0x0000000707900000, 0x0000000707a00000, 0x0000000707a00000|100%| S|CS|TAMS 0x0000000707900000, 0x0000000707900000| Complete 
| 106|0x0000000707a00000, 0x0000000707b00000, 0x0000000707b00000|100%| S|CS|TAMS 0x0000000707a00000, 0x0000000707a00000| Complete 
| 107|0x0000000707b00000, 0x0000000707c00000, 0x0000000707c00000|100%| S|CS|TAMS 0x0000000707b00000, 0x0000000707b00000| Complete 
| 108|0x0000000707c00000, 0x0000000707c00000, 0x0000000707d00000|  0%| F|  |TAMS 0x0000000707c00000, 0x0000000707c00000| Untracked 
| 109|0x0000000707d00000, 0x0000000707d00000, 0x0000000707e00000|  0%| F|  |TAMS 0x0000000707d00000, 0x0000000707d00000| Untracked 
| 110|0x0000000707e00000, 0x0000000707e00000, 0x0000000707f00000|  0%| F|  |TAMS 0x0000000707e00000, 0x0000000707e00000| Untracked 
| 111|0x0000000707f00000, 0x0000000707f00000, 0x0000000708000000|  0%| F|  |TAMS 0x0000000707f00000, 0x0000000707f00000| Untracked 
| 112|0x0000000708000000, 0x0000000708000000, 0x0000000708100000|  0%| F|  |TAMS 0x0000000708000000, 0x0000000708000000| Untracked 
| 113|0x0000000708100000, 0x0000000708100000, 0x0000000708200000|  0%| F|  |TAMS 0x0000000708100000, 0x0000000708100000| Untracked 
| 114|0x0000000708200000, 0x0000000708200000, 0x0000000708300000|  0%| F|  |TAMS 0x0000000708200000, 0x0000000708200000| Untracked 
| 115|0x0000000708300000, 0x0000000708300000, 0x0000000708400000|  0%| F|  |TAMS 0x0000000708300000, 0x0000000708300000| Untracked 
| 116|0x0000000708400000, 0x0000000708400000, 0x0000000708500000|  0%| F|  |TAMS 0x0000000708400000, 0x0000000708400000| Untracked 
| 117|0x0000000708500000, 0x0000000708500000, 0x0000000708600000|  0%| F|  |TAMS 0x0000000708500000, 0x0000000708500000| Untracked 
| 118|0x0000000708600000, 0x0000000708600000, 0x0000000708700000|  0%| F|  |TAMS 0x0000000708600000, 0x0000000708600000| Untracked 
| 119|0x0000000708700000, 0x0000000708700000, 0x0000000708800000|  0%| F|  |TAMS 0x0000000708700000, 0x0000000708700000| Untracked 
| 120|0x0000000708800000, 0x0000000708800000, 0x0000000708900000|  0%| F|  |TAMS 0x0000000708800000, 0x0000000708800000| Untracked 
| 121|0x0000000708900000, 0x0000000708900000, 0x0000000708a00000|  0%| F|  |TAMS 0x0000000708900000, 0x0000000708900000| Untracked 
| 122|0x0000000708a00000, 0x0000000708b00000, 0x0000000708b00000|100%| S|CS|TAMS 0x0000000708a00000, 0x0000000708a00000| Complete 
| 123|0x0000000708b00000, 0x0000000708c00000, 0x0000000708c00000|100%| S|CS|TAMS 0x0000000708b00000, 0x0000000708b00000| Complete 
| 124|0x0000000708c00000, 0x0000000708d00000, 0x0000000708d00000|100%| S|CS|TAMS 0x0000000708c00000, 0x0000000708c00000| Complete 
| 125|0x0000000708d00000, 0x0000000708e00000, 0x0000000708e00000|100%| S|CS|TAMS 0x0000000708d00000, 0x0000000708d00000| Complete 
| 126|0x0000000708e00000, 0x0000000708f00000, 0x0000000708f00000|100%| S|CS|TAMS 0x0000000708e00000, 0x0000000708e00000| Complete 
| 127|0x0000000708f00000, 0x0000000709000000, 0x0000000709000000|100%| S|CS|TAMS 0x0000000708f00000, 0x0000000708f00000| Complete 
| 128|0x0000000709000000, 0x0000000709100000, 0x0000000709100000|100%| S|CS|TAMS 0x0000000709000000, 0x0000000709000000| Complete 
| 129|0x0000000709100000, 0x0000000709200000, 0x0000000709200000|100%| S|CS|TAMS 0x0000000709100000, 0x0000000709100000| Complete 
| 130|0x0000000709200000, 0x0000000709300000, 0x0000000709300000|100%| S|CS|TAMS 0x0000000709200000, 0x0000000709200000| Complete 
| 131|0x0000000709300000, 0x0000000709300000, 0x0000000709400000|  0%| F|  |TAMS 0x0000000709300000, 0x0000000709300000| Untracked 
| 132|0x0000000709400000, 0x0000000709400000, 0x0000000709500000|  0%| F|  |TAMS 0x0000000709400000, 0x0000000709400000| Untracked 
| 133|0x0000000709500000, 0x0000000709500000, 0x0000000709600000|  0%| F|  |TAMS 0x0000000709500000, 0x0000000709500000| Untracked 
| 134|0x0000000709600000, 0x0000000709600000, 0x0000000709700000|  0%| F|  |TAMS 0x0000000709600000, 0x0000000709600000| Untracked 
| 135|0x0000000709700000, 0x0000000709700000, 0x0000000709800000|  0%| F|  |TAMS 0x0000000709700000, 0x0000000709700000| Untracked 
| 136|0x0000000709800000, 0x0000000709800000, 0x0000000709900000|  0%| F|  |TAMS 0x0000000709800000, 0x0000000709800000| Untracked 
| 137|0x0000000709900000, 0x0000000709900000, 0x0000000709a00000|  0%| F|  |TAMS 0x0000000709900000, 0x0000000709900000| Untracked 
| 138|0x0000000709a00000, 0x0000000709a00000, 0x0000000709b00000|  0%| F|  |TAMS 0x0000000709a00000, 0x0000000709a00000| Untracked 
| 139|0x0000000709b00000, 0x0000000709b00000, 0x0000000709c00000|  0%| F|  |TAMS 0x0000000709b00000, 0x0000000709b00000| Untracked 
| 140|0x0000000709c00000, 0x0000000709c00000, 0x0000000709d00000|  0%| F|  |TAMS 0x0000000709c00000, 0x0000000709c00000| Untracked 
| 141|0x0000000709d00000, 0x0000000709d00000, 0x0000000709e00000|  0%| F|  |TAMS 0x0000000709d00000, 0x0000000709d00000| Untracked 
| 142|0x0000000709e00000, 0x0000000709e00000, 0x0000000709f00000|  0%| F|  |TAMS 0x0000000709e00000, 0x0000000709e00000| Untracked 
| 143|0x0000000709f00000, 0x0000000709f00000, 0x000000070a000000|  0%| F|  |TAMS 0x0000000709f00000, 0x0000000709f00000| Untracked 
| 144|0x000000070a000000, 0x000000070a000000, 0x000000070a100000|  0%| F|  |TAMS 0x000000070a000000, 0x000000070a000000| Untracked 
| 145|0x000000070a100000, 0x000000070a100000, 0x000000070a200000|  0%| F|  |TAMS 0x000000070a100000, 0x000000070a100000| Untracked 
| 146|0x000000070a200000, 0x000000070a200000, 0x000000070a300000|  0%| F|  |TAMS 0x000000070a200000, 0x000000070a200000| Untracked 
| 147|0x000000070a300000, 0x000000070a300000, 0x000000070a400000|  0%| F|  |TAMS 0x000000070a300000, 0x000000070a300000| Untracked 
| 148|0x000000070a400000, 0x000000070a400000, 0x000000070a500000|  0%| F|  |TAMS 0x000000070a400000, 0x000000070a400000| Untracked 
| 149|0x000000070a500000, 0x000000070a500000, 0x000000070a600000|  0%| F|  |TAMS 0x000000070a500000, 0x000000070a500000| Untracked 
| 150|0x000000070a600000, 0x000000070a600000, 0x000000070a700000|  0%| F|  |TAMS 0x000000070a600000, 0x000000070a600000| Untracked 
| 151|0x000000070a700000, 0x000000070a700000, 0x000000070a800000|  0%| F|  |TAMS 0x000000070a700000, 0x000000070a700000| Untracked 
| 152|0x000000070a800000, 0x000000070a800000, 0x000000070a900000|  0%| F|  |TAMS 0x000000070a800000, 0x000000070a800000| Untracked 
| 153|0x000000070a900000, 0x000000070a900000, 0x000000070aa00000|  0%| F|  |TAMS 0x000000070a900000, 0x000000070a900000| Untracked 
| 154|0x000000070aa00000, 0x000000070aa00000, 0x000000070ab00000|  0%| F|  |TAMS 0x000000070aa00000, 0x000000070aa00000| Untracked 
| 155|0x000000070ab00000, 0x000000070ab00000, 0x000000070ac00000|  0%| F|  |TAMS 0x000000070ab00000, 0x000000070ab00000| Untracked 
| 156|0x000000070ac00000, 0x000000070ac00000, 0x000000070ad00000|  0%| F|  |TAMS 0x000000070ac00000, 0x000000070ac00000| Untracked 
| 157|0x000000070ad00000, 0x000000070ad00000, 0x000000070ae00000|  0%| F|  |TAMS 0x000000070ad00000, 0x000000070ad00000| Untracked 
| 158|0x000000070ae00000, 0x000000070ae00000, 0x000000070af00000|  0%| F|  |TAMS 0x000000070ae00000, 0x000000070ae00000| Untracked 
| 159|0x000000070af00000, 0x000000070af00000, 0x000000070b000000|  0%| F|  |TAMS 0x000000070af00000, 0x000000070af00000| Untracked 
| 160|0x000000070b000000, 0x000000070b000000, 0x000000070b100000|  0%| F|  |TAMS 0x000000070b000000, 0x000000070b000000| Untracked 
| 161|0x000000070b100000, 0x000000070b100000, 0x000000070b200000|  0%| F|  |TAMS 0x000000070b100000, 0x000000070b100000| Untracked 
| 162|0x000000070b200000, 0x000000070b200000, 0x000000070b300000|  0%| F|  |TAMS 0x000000070b200000, 0x000000070b200000| Untracked 
| 163|0x000000070b300000, 0x000000070b300000, 0x000000070b400000|  0%| F|  |TAMS 0x000000070b300000, 0x000000070b300000| Untracked 
| 164|0x000000070b400000, 0x000000070b400000, 0x000000070b500000|  0%| F|  |TAMS 0x000000070b400000, 0x000000070b400000| Untracked 
| 165|0x000000070b500000, 0x000000070b500000, 0x000000070b600000|  0%| F|  |TAMS 0x000000070b500000, 0x000000070b500000| Untracked 
| 166|0x000000070b600000, 0x000000070b600000, 0x000000070b700000|  0%| F|  |TAMS 0x000000070b600000, 0x000000070b600000| Untracked 
| 167|0x000000070b700000, 0x000000070b700000, 0x000000070b800000|  0%| F|  |TAMS 0x000000070b700000, 0x000000070b700000| Untracked 
| 168|0x000000070b800000, 0x000000070b800000, 0x000000070b900000|  0%| F|  |TAMS 0x000000070b800000, 0x000000070b800000| Untracked 
| 169|0x000000070b900000, 0x000000070b900000, 0x000000070ba00000|  0%| F|  |TAMS 0x000000070b900000, 0x000000070b900000| Untracked 
| 170|0x000000070ba00000, 0x000000070ba00000, 0x000000070bb00000|  0%| F|  |TAMS 0x000000070ba00000, 0x000000070ba00000| Untracked 
| 171|0x000000070bb00000, 0x000000070bb00000, 0x000000070bc00000|  0%| F|  |TAMS 0x000000070bb00000, 0x000000070bb00000| Untracked 
| 172|0x000000070bc00000, 0x000000070bc00000, 0x000000070bd00000|  0%| F|  |TAMS 0x000000070bc00000, 0x000000070bc00000| Untracked 
| 173|0x000000070bd00000, 0x000000070bd00000, 0x000000070be00000|  0%| F|  |TAMS 0x000000070bd00000, 0x000000070bd00000| Untracked 
| 174|0x000000070be00000, 0x000000070be00000, 0x000000070bf00000|  0%| F|  |TAMS 0x000000070be00000, 0x000000070be00000| Untracked 
| 175|0x000000070bf00000, 0x000000070bf00000, 0x000000070c000000|  0%| F|  |TAMS 0x000000070bf00000, 0x000000070bf00000| Untracked 
| 176|0x000000070c000000, 0x000000070c000000, 0x000000070c100000|  0%| F|  |TAMS 0x000000070c000000, 0x000000070c000000| Untracked 
| 177|0x000000070c100000, 0x000000070c100000, 0x000000070c200000|  0%| F|  |TAMS 0x000000070c100000, 0x000000070c100000| Untracked 
| 178|0x000000070c200000, 0x000000070c200000, 0x000000070c300000|  0%| F|  |TAMS 0x000000070c200000, 0x000000070c200000| Untracked 
| 179|0x000000070c300000, 0x000000070c300000, 0x000000070c400000|  0%| F|  |TAMS 0x000000070c300000, 0x000000070c300000| Untracked 
| 180|0x000000070c400000, 0x000000070c400000, 0x000000070c500000|  0%| F|  |TAMS 0x000000070c400000, 0x000000070c400000| Untracked 
| 181|0x000000070c500000, 0x000000070c500000, 0x000000070c600000|  0%| F|  |TAMS 0x000000070c500000, 0x000000070c500000| Untracked 
| 182|0x000000070c600000, 0x000000070c600000, 0x000000070c700000|  0%| F|  |TAMS 0x000000070c600000, 0x000000070c600000| Untracked 
| 183|0x000000070c700000, 0x000000070c700000, 0x000000070c800000|  0%| F|  |TAMS 0x000000070c700000, 0x000000070c700000| Untracked 
| 184|0x000000070c800000, 0x000000070c800000, 0x000000070c900000|  0%| F|  |TAMS 0x000000070c800000, 0x000000070c800000| Untracked 
| 185|0x000000070c900000, 0x000000070c900000, 0x000000070ca00000|  0%| F|  |TAMS 0x000000070c900000, 0x000000070c900000| Untracked 
| 186|0x000000070ca00000, 0x000000070ca00000, 0x000000070cb00000|  0%| F|  |TAMS 0x000000070ca00000, 0x000000070ca00000| Untracked 
| 187|0x000000070cb00000, 0x000000070cb00000, 0x000000070cc00000|  0%| F|  |TAMS 0x000000070cb00000, 0x000000070cb00000| Untracked 
| 188|0x000000070cc00000, 0x000000070cc00000, 0x000000070cd00000|  0%| F|  |TAMS 0x000000070cc00000, 0x000000070cc00000| Untracked 
| 189|0x000000070cd00000, 0x000000070cd00000, 0x000000070ce00000|  0%| F|  |TAMS 0x000000070cd00000, 0x000000070cd00000| Untracked 
| 190|0x000000070ce00000, 0x000000070ce00000, 0x000000070cf00000|  0%| F|  |TAMS 0x000000070ce00000, 0x000000070ce00000| Untracked 
| 191|0x000000070cf00000, 0x000000070cf00000, 0x000000070d000000|  0%| F|  |TAMS 0x000000070cf00000, 0x000000070cf00000| Untracked 
| 192|0x000000070d000000, 0x000000070d000000, 0x000000070d100000|  0%| F|  |TAMS 0x000000070d000000, 0x000000070d000000| Untracked 
| 193|0x000000070d100000, 0x000000070d100000, 0x000000070d200000|  0%| F|  |TAMS 0x000000070d100000, 0x000000070d100000| Untracked 
| 194|0x000000070d200000, 0x000000070d200000, 0x000000070d300000|  0%| F|  |TAMS 0x000000070d200000, 0x000000070d200000| Untracked 
| 195|0x000000070d300000, 0x000000070d300000, 0x000000070d400000|  0%| F|  |TAMS 0x000000070d300000, 0x000000070d300000| Untracked 
| 196|0x000000070d400000, 0x000000070d400000, 0x000000070d500000|  0%| F|  |TAMS 0x000000070d400000, 0x000000070d400000| Untracked 
| 197|0x000000070d500000, 0x000000070d500000, 0x000000070d600000|  0%| F|  |TAMS 0x000000070d500000, 0x000000070d500000| Untracked 
| 198|0x000000070d600000, 0x000000070d600000, 0x000000070d700000|  0%| F|  |TAMS 0x000000070d600000, 0x000000070d600000| Untracked 
| 199|0x000000070d700000, 0x000000070d700000, 0x000000070d800000|  0%| F|  |TAMS 0x000000070d700000, 0x000000070d700000| Untracked 
| 200|0x000000070d800000, 0x000000070d800000, 0x000000070d900000|  0%| F|  |TAMS 0x000000070d800000, 0x000000070d800000| Untracked 
| 201|0x000000070d900000, 0x000000070d900000, 0x000000070da00000|  0%| F|  |TAMS 0x000000070d900000, 0x000000070d900000| Untracked 
| 202|0x000000070da00000, 0x000000070da00000, 0x000000070db00000|  0%| F|  |TAMS 0x000000070da00000, 0x000000070da00000| Untracked 
| 203|0x000000070db00000, 0x000000070db00000, 0x000000070dc00000|  0%| F|  |TAMS 0x000000070db00000, 0x000000070db00000| Untracked 
| 204|0x000000070dc00000, 0x000000070dc00000, 0x000000070dd00000|  0%| F|  |TAMS 0x000000070dc00000, 0x000000070dc00000| Untracked 
| 205|0x000000070dd00000, 0x000000070dd00000, 0x000000070de00000|  0%| F|  |TAMS 0x000000070dd00000, 0x000000070dd00000| Untracked 
| 206|0x000000070de00000, 0x000000070de00000, 0x000000070df00000|  0%| F|  |TAMS 0x000000070de00000, 0x000000070de00000| Untracked 
| 207|0x000000070df00000, 0x000000070df00000, 0x000000070e000000|  0%| F|  |TAMS 0x000000070df00000, 0x000000070df00000| Untracked 
| 208|0x000000070e000000, 0x000000070e000000, 0x000000070e100000|  0%| F|  |TAMS 0x000000070e000000, 0x000000070e000000| Untracked 
| 209|0x000000070e100000, 0x000000070e100000, 0x000000070e200000|  0%| F|  |TAMS 0x000000070e100000, 0x000000070e100000| Untracked 
| 210|0x000000070e200000, 0x000000070e200000, 0x000000070e300000|  0%| F|  |TAMS 0x000000070e200000, 0x000000070e200000| Untracked 
| 211|0x000000070e300000, 0x000000070e300000, 0x000000070e400000|  0%| F|  |TAMS 0x000000070e300000, 0x000000070e300000| Untracked 
| 212|0x000000070e400000, 0x000000070e400000, 0x000000070e500000|  0%| F|  |TAMS 0x000000070e400000, 0x000000070e400000| Untracked 
| 213|0x000000070e500000, 0x000000070e500000, 0x000000070e600000|  0%| F|  |TAMS 0x000000070e500000, 0x000000070e500000| Untracked 
| 214|0x000000070e600000, 0x000000070e600000, 0x000000070e700000|  0%| F|  |TAMS 0x000000070e600000, 0x000000070e600000| Untracked 
| 215|0x000000070e700000, 0x000000070e700000, 0x000000070e800000|  0%| F|  |TAMS 0x000000070e700000, 0x000000070e700000| Untracked 
| 216|0x000000070e800000, 0x000000070e800000, 0x000000070e900000|  0%| F|  |TAMS 0x000000070e800000, 0x000000070e800000| Untracked 
| 217|0x000000070e900000, 0x000000070e900000, 0x000000070ea00000|  0%| F|  |TAMS 0x000000070e900000, 0x000000070e900000| Untracked 
| 218|0x000000070ea00000, 0x000000070ea00000, 0x000000070eb00000|  0%| F|  |TAMS 0x000000070ea00000, 0x000000070ea00000| Untracked 
| 219|0x000000070eb00000, 0x000000070eb00000, 0x000000070ec00000|  0%| F|  |TAMS 0x000000070eb00000, 0x000000070eb00000| Untracked 
| 220|0x000000070ec00000, 0x000000070ec00000, 0x000000070ed00000|  0%| F|  |TAMS 0x000000070ec00000, 0x000000070ec00000| Untracked 
| 221|0x000000070ed00000, 0x000000070ed00000, 0x000000070ee00000|  0%| F|  |TAMS 0x000000070ed00000, 0x000000070ed00000| Untracked 
| 222|0x000000070ee00000, 0x000000070ee00000, 0x000000070ef00000|  0%| F|  |TAMS 0x000000070ee00000, 0x000000070ee00000| Untracked 
| 223|0x000000070ef00000, 0x000000070ef00000, 0x000000070f000000|  0%| F|  |TAMS 0x000000070ef00000, 0x000000070ef00000| Untracked 
| 224|0x000000070f000000, 0x000000070f000000, 0x000000070f100000|  0%| F|  |TAMS 0x000000070f000000, 0x000000070f000000| Untracked 
| 225|0x000000070f100000, 0x000000070f100000, 0x000000070f200000|  0%| F|  |TAMS 0x000000070f100000, 0x000000070f100000| Untracked 
| 226|0x000000070f200000, 0x000000070f200000, 0x000000070f300000|  0%| F|  |TAMS 0x000000070f200000, 0x000000070f200000| Untracked 
| 227|0x000000070f300000, 0x000000070f300000, 0x000000070f400000|  0%| F|  |TAMS 0x000000070f300000, 0x000000070f300000| Untracked 
| 228|0x000000070f400000, 0x000000070f400000, 0x000000070f500000|  0%| F|  |TAMS 0x000000070f400000, 0x000000070f400000| Untracked 
| 229|0x000000070f500000, 0x000000070f500000, 0x000000070f600000|  0%| F|  |TAMS 0x000000070f500000, 0x000000070f500000| Untracked 
| 230|0x000000070f600000, 0x000000070f600000, 0x000000070f700000|  0%| F|  |TAMS 0x000000070f600000, 0x000000070f600000| Untracked 
| 231|0x000000070f700000, 0x000000070f700000, 0x000000070f800000|  0%| F|  |TAMS 0x000000070f700000, 0x000000070f700000| Untracked 
| 232|0x000000070f800000, 0x000000070f800000, 0x000000070f900000|  0%| F|  |TAMS 0x000000070f800000, 0x000000070f800000| Untracked 
| 233|0x000000070f900000, 0x000000070f900000, 0x000000070fa00000|  0%| F|  |TAMS 0x000000070f900000, 0x000000070f900000| Untracked 
| 234|0x000000070fa00000, 0x000000070fa00000, 0x000000070fb00000|  0%| F|  |TAMS 0x000000070fa00000, 0x000000070fa00000| Untracked 
| 235|0x000000070fb00000, 0x000000070fb00000, 0x000000070fc00000|  0%| F|  |TAMS 0x000000070fb00000, 0x000000070fb00000| Untracked 
| 236|0x000000070fc00000, 0x000000070fc00000, 0x000000070fd00000|  0%| F|  |TAMS 0x000000070fc00000, 0x000000070fc00000| Untracked 
| 237|0x000000070fd00000, 0x000000070fd00000, 0x000000070fe00000|  0%| F|  |TAMS 0x000000070fd00000, 0x000000070fd00000| Untracked 
| 238|0x000000070fe00000, 0x000000070fe00000, 0x000000070ff00000|  0%| F|  |TAMS 0x000000070fe00000, 0x000000070fe00000| Untracked 
| 239|0x000000070ff00000, 0x000000070ff00000, 0x0000000710000000|  0%| F|  |TAMS 0x000000070ff00000, 0x000000070ff00000| Untracked 
| 240|0x0000000710000000, 0x0000000710000000, 0x0000000710100000|  0%| F|  |TAMS 0x0000000710000000, 0x0000000710000000| Untracked 
| 241|0x0000000710100000, 0x0000000710100800, 0x0000000710200000|  0%| E|  |TAMS 0x0000000710100000, 0x0000000710100000| Complete 
| 242|0x0000000710200000, 0x0000000710300000, 0x0000000710300000|100%| E|CS|TAMS 0x0000000710200000, 0x0000000710200000| Complete 
| 243|0x0000000710300000, 0x0000000710400000, 0x0000000710400000|100%| E|CS|TAMS 0x0000000710300000, 0x0000000710300000| Complete 
| 244|0x0000000710400000, 0x0000000710500000, 0x0000000710500000|100%| E|CS|TAMS 0x0000000710400000, 0x0000000710400000| Complete 
| 245|0x0000000710500000, 0x0000000710600000, 0x0000000710600000|100%| E|CS|TAMS 0x0000000710500000, 0x0000000710500000| Complete 
| 246|0x0000000710600000, 0x0000000710700000, 0x0000000710700000|100%| E|CS|TAMS 0x0000000710600000, 0x0000000710600000| Complete 
| 247|0x0000000710700000, 0x0000000710800000, 0x0000000710800000|100%| E|CS|TAMS 0x0000000710700000, 0x0000000710700000| Complete 
| 248|0x0000000710800000, 0x0000000710900000, 0x0000000710900000|100%| E|CS|TAMS 0x0000000710800000, 0x0000000710800000| Complete 
| 249|0x0000000710900000, 0x0000000710a00000, 0x0000000710a00000|100%| E|CS|TAMS 0x0000000710900000, 0x0000000710900000| Complete 
| 250|0x0000000710a00000, 0x0000000710b00000, 0x0000000710b00000|100%| E|CS|TAMS 0x0000000710a00000, 0x0000000710a00000| Complete 
| 251|0x0000000710b00000, 0x0000000710c00000, 0x0000000710c00000|100%| E|CS|TAMS 0x0000000710b00000, 0x0000000710b00000| Complete 
| 252|0x0000000710c00000, 0x0000000710d00000, 0x0000000710d00000|100%| E|CS|TAMS 0x0000000710c00000, 0x0000000710c00000| Complete 
| 253|0x0000000710d00000, 0x0000000710e00000, 0x0000000710e00000|100%| E|CS|TAMS 0x0000000710d00000, 0x0000000710d00000| Complete 
| 254|0x0000000710e00000, 0x0000000710f00000, 0x0000000710f00000|100%| E|CS|TAMS 0x0000000710e00000, 0x0000000710e00000| Complete 
| 255|0x0000000710f00000, 0x0000000711000000, 0x0000000711000000|100%| E|CS|TAMS 0x0000000710f00000, 0x0000000710f00000| Complete 

Card table byte_map: [0x000001f28f800000,0x000001f290000000] _byte_map_base: 0x000001f28bff8000

Marking Bits (Prev, Next): (CMBitMap*) 0x000001f2f7d21810, (CMBitMap*) 0x000001f2f7d217d8
 Prev Bits: [0x000001f2947c0000, 0x000001f298780000)
 Next Bits: [0x000001f290800000, 0x000001f2947c0000)

Polling page: 0x000001f2f5c40000

Metaspace:

Usage:
  Non-class:     52.79 MB capacity,    51.81 MB ( 98%) used,   795.36 KB (  1%) free+waste,   211.31 KB ( <1%) overhead. 
      Class:      8.54 MB capacity,     7.86 MB ( 92%) used,   591.99 KB (  7%) free+waste,   105.44 KB (  1%) overhead. 
       Both:     61.33 MB capacity,    59.67 MB ( 97%) used,     1.35 MB (  2%) free+waste,   316.75 KB ( <1%) overhead. 

Virtual space:
  Non-class space:       54.00 MB reserved,      52.92 MB ( 98%) committed 
      Class space:        1.00 GB reserved,       8.63 MB ( <1%) committed 
             Both:        1.05 GB reserved,      61.55 MB (  6%) committed 

Chunk freelists:
   Non-Class:  896 bytes
       Class:  0 bytes
        Both:  896 bytes

CodeHeap 'non-profiled nmethods': size=120000Kb used=3389Kb max_used=3389Kb free=116610Kb
 bounds [0x000001f287ad0000, 0x000001f287e20000, 0x000001f28f000000]
CodeHeap 'profiled nmethods': size=120000Kb used=11222Kb max_used=11222Kb free=108777Kb
 bounds [0x000001f2805a0000, 0x000001f2810a0000, 0x000001f287ad0000]
CodeHeap 'non-nmethods': size=5760Kb used=1220Kb max_used=1270Kb free=4539Kb
 bounds [0x000001f280000000, 0x000001f280270000, 0x000001f2805a0000]
 total_blobs=5303 nmethods=4722 adapters=492
 compilation: enabled
              stopped_count=0, restarted_count=0
 full_count=0

Compilation events (10 events):
Event: 10.649 Thread 0x000001f29b7f3800 4717   !   4       org.springframework.beans.factory.support.DefaultSingletonBeanRegistry::getSingleton (147 bytes)
Event: 10.649 Thread 0x000001f29b7f9000 nmethod 4715 0x000001f281087790 code [0x000001f281087a80, 0x000001f281088c68]
Event: 10.649 Thread 0x000001f29b7f9000 4716       3       org.mockito.Mockito::mockingDetails (8 bytes)
Event: 10.649 Thread 0x000001f29b7f9000 nmethod 4716 0x000001f281089190 code [0x000001f281089340, 0x000001f281089618]
Event: 10.649 Thread 0x000001f29b7f9000 4718       3       org.mockito.internal.MockitoCore::mockingDetails (9 bytes)
Event: 10.649 Thread 0x000001f29b7f9000 nmethod 4718 0x000001f281089790 code [0x000001f281089940, 0x000001f281089bb8]
Event: 10.649 Thread 0x000001f29b7f9000 4719       3       org.mockito.internal.util.DefaultMockingDetails::<init> (10 bytes)
Event: 10.649 Thread 0x000001f29b7f9000 nmethod 4719 0x000001f281089c90 code [0x000001f281089e20, 0x000001f281089fd8]
Event: 10.649 Thread 0x000001f29b7f9000 4720       3       org.mockito.internal.util.DefaultMockingDetails::isMock (8 bytes)
Event: 10.650 Thread 0x000001f29b7f9000 nmethod 4720 0x000001f28108a090 code [0x000001f28108a2a0, 0x000001f28108a9e8]

GC Heap History (10 events):
Event: 2.942 GC heap before
{Heap before GC invocations=3 (full 0):
 garbage-first heap   total 262144K, used 57371K [0x0000000701000000, 0x0000000800000000)
  region size 1024K, 53 young (54272K), 6 survivors (6144K)
 Metaspace       used 27149K, capacity 28128K, committed 28336K, reserved 1075200K
  class space    used 3168K, capacity 3565K, committed 3584K, reserved 1048576K
}
Event: 2.949 GC heap after
{Heap after GC invocations=4 (full 0):
 garbage-first heap   total 262144K, used 11860K [0x0000000701000000, 0x0000000800000000)
  region size 1024K, 5 young (5120K), 5 survivors (5120K)
 Metaspace       used 27149K, capacity 28128K, committed 28336K, reserved 1075200K
  class space    used 3168K, capacity 3565K, committed 3584K, reserved 1048576K
}
Event: 4.259 GC heap before
{Heap before GC invocations=4 (full 0):
 garbage-first heap   total 262144K, used 82516K [0x0000000701000000, 0x0000000800000000)
  region size 1024K, 74 young (75776K), 5 survivors (5120K)
 Metaspace       used 32828K, capacity 33903K, committed 33968K, reserved 1079296K
  class space    used 3885K, capacity 4310K, committed 4352K, reserved 1048576K
}
Event: 4.266 GC heap after
{Heap after GC invocations=5 (full 0):
 garbage-first heap   total 262144K, used 14221K [0x0000000701000000, 0x0000000800000000)
  region size 1024K, 7 young (7168K), 7 survivors (7168K)
 Metaspace       used 32828K, capacity 33903K, committed 33968K, reserved 1079296K
  class space    used 3885K, capacity 4310K, committed 4352K, reserved 1048576K
}
Event: 4.757 GC heap before
{Heap before GC invocations=5 (full 0):
 garbage-first heap   total 262144K, used 39821K [0x0000000701000000, 0x0000000800000000)
  region size 1024K, 33 young (33792K), 7 survivors (7168K)
 Metaspace       used 34683K, capacity 35796K, committed 35888K, reserved 1081344K
  class space    used 4155K, capacity 4669K, committed 4736K, reserved 1048576K
}
Event: 4.766 GC heap after
{Heap after GC invocations=6 (full 0):
 garbage-first heap   total 262144K, used 15666K [0x0000000701000000, 0x0000000800000000)
  region size 1024K, 9 young (9216K), 9 survivors (9216K)
 Metaspace       used 34683K, capacity 35796K, committed 35888K, reserved 1081344K
  class space    used 4155K, capacity 4669K, committed 4736K, reserved 1048576K
}
Event: 7.721 GC heap before
{Heap before GC invocations=7 (full 0):
 garbage-first heap   total 262144K, used 142642K [0x0000000701000000, 0x0000000800000000)
  region size 1024K, 134 young (137216K), 9 survivors (9216K)
 Metaspace       used 51532K, capacity 52857K, committed 53040K, reserved 1095680K
  class space    used 6663K, capacity 7220K, committed 7296K, reserved 1048576K
}
Event: 7.733 GC heap after
{Heap after GC invocations=8 (full 0):
 garbage-first heap   total 262144K, used 21315K [0x0000000701000000, 0x0000000800000000)
  region size 1024K, 14 young (14336K), 14 survivors (14336K)
 Metaspace       used 51532K, capacity 52857K, committed 53040K, reserved 1095680K
  class space    used 6663K, capacity 7220K, committed 7296K, reserved 1048576K
}
Event: 10.228 GC heap before
{Heap before GC invocations=8 (full 0):
 garbage-first heap   total 262144K, used 148291K [0x0000000701000000, 0x0000000800000000)
  region size 1024K, 139 young (142336K), 14 survivors (14336K)
 Metaspace       used 58536K, capacity 60132K, committed 60208K, reserved 1101824K
  class space    used 7619K, capacity 8300K, committed 8320K, reserved 1048576K
}
Event: 10.247 GC heap after
{Heap after GC invocations=9 (full 0):
 garbage-first heap   total 262144K, used 24711K [0x0000000701000000, 0x0000000800000000)
  region size 1024K, 14 young (14336K), 14 survivors (14336K)
 Metaspace       used 58536K, capacity 60132K, committed 60208K, reserved 1101824K
  class space    used 7619K, capacity 8300K, committed 8320K, reserved 1048576K
}

Deoptimization events (10 events):
Event: 9.600 Thread 0x000001f2f7cc0000 Uncommon trap: reason=class_check action=maybe_recompile pc=0x000001f287d8418c method=org.springframework.core.annotation.AnnotationsScanner.processClassInheritedAnnotations(Ljava/lang/Object;Ljava/lang/Class;Lorg/springframework/core/annotation/MergedAnn
Event: 9.600 Thread 0x000001f2f7cc0000 Uncommon trap: reason=class_check action=maybe_recompile pc=0x000001f287d8418c method=org.springframework.core.annotation.AnnotationsScanner.processClassInheritedAnnotations(Ljava/lang/Object;Ljava/lang/Class;Lorg/springframework/core/annotation/MergedAnn
Event: 9.600 Thread 0x000001f2f7cc0000 Uncommon trap: reason=class_check action=maybe_recompile pc=0x000001f287d8418c method=org.springframework.core.annotation.AnnotationsScanner.processClassInheritedAnnotations(Ljava/lang/Object;Ljava/lang/Class;Lorg/springframework/core/annotation/MergedAnn
Event: 9.625 Thread 0x000001f2f7cc0000 Uncommon trap: reason=unstable_if action=reinterpret pc=0x000001f287b9995c method=org.springframework.util.ConcurrentReferenceHashMap$Segment.clear()V @ 7 c2
Event: 9.672 Thread 0x000001f2f7cc0000 Uncommon trap: reason=unstable_if action=reinterpret pc=0x000001f287bb1c9c method=java.util.LinkedHashMap.get(Ljava/lang/Object;)Ljava/lang/Object; @ 20 c2
Event: 9.848 Thread 0x000001f2f7cc0000 Uncommon trap: reason=bimorphic_or_optimized_type_check action=maybe_recompile pc=0x000001f287b4daf0 method=java.io.DataOutputStream.writeByte(I)V @ 5 c2
Event: 9.852 Thread 0x000001f2f7cc0000 Uncommon trap: reason=unstable_if action=reinterpret pc=0x000001f287d03c28 method=java.util.StringJoiner.add(Ljava/lang/CharSequence;)Ljava/util/StringJoiner; @ 33 c2
Event: 10.090 Thread 0x000001f2f7cc0000 Uncommon trap: reason=unstable_if action=reinterpret pc=0x000001f287aed3c4 method=java.lang.CharacterData.of(I)Ljava/lang/CharacterData; @ 4 c2
Event: 10.131 Thread 0x000001f2f7cc0000 Uncommon trap: reason=unstable_if action=reinterpret pc=0x000001f287c64c78 method=java.util.StringTokenizer.scanToken(I)I @ 96 c2
Event: 10.173 Thread 0x000001f2f7cc0000 Uncommon trap: reason=unstable_if action=reinterpret pc=0x000001f287d98d10 method=java.util.Hashtable.addEntry(ILjava/lang/Object;Ljava/lang/Object;I)V @ 14 c2

Classes redefined (0 events):
No events

Internal exceptions (10 events):
Event: 9.612 Thread 0x000001f2f7cc0000 Exception <a 'java/lang/NoSuchMethodError'{0x000000070a8a7a78}: java.lang.invoke.DirectMethodHandle$Holder.invokeSpecial(Ljava/lang/Object;Ljava/lang/Object;ILjava/lang/Object;ILjava/lang/Object;)Ljava/lang/Object;> (0x000000070a8a7a78) thrown at [./open/
Event: 9.612 Thread 0x000001f2f7cc0000 Exception <a 'java/lang/NoSuchMethodError'{0x000000070a8af750}: java.lang.invoke.DirectMethodHandle$Holder.invokeStatic(Ljava/lang/Object;Ljava/lang/Object;ILjava/lang/Object;I)Ljava/lang/Object;> (0x000000070a8af750) thrown at [./open/src/hotspot/share/i
Event: 9.612 Thread 0x000001f2f7cc0000 Exception <a 'java/lang/NoSuchMethodError'{0x000000070a8b3478}: java.lang.invoke.DirectMethodHandle$Holder.invokeSpecial(Ljava/lang/Object;Ljava/lang/Object;Ljava/lang/Object;ILjava/lang/Object;I)Ljava/lang/Object;> (0x000000070a8b3478) thrown at [./open/
Event: 9.615 Thread 0x000001f2f7cc0000 Exception <a 'java/lang/NoSuchMethodError'{0x000000070a8c24d8}: java.lang.invoke.DirectMethodHandle$Holder.invokeVirtual(Ljava/lang/Object;Ljava/lang/Object;)V> (0x000000070a8c24d8) thrown at [./open/src/hotspot/share/interpreter/linkResolver.cpp, line 77
Event: 9.673 Thread 0x000001f2f7cc0000 Exception <a 'java/lang/ClassNotFoundException'{0x000000070a654700}: java/lang/ObjectCustomizer> (0x000000070a654700) thrown at [./open/src/hotspot/share/classfile/systemDictionary.cpp, line 226]
Event: 9.675 Thread 0x000001f2f7cc0000 Exception <a 'java/lang/ClassNotFoundException'{0x000000070a66e690}: hello/hellospring/service/MemberServiceIntegrationTestCustomizer> (0x000000070a66e690) thrown at [./open/src/hotspot/share/classfile/systemDictionary.cpp, line 226]
Event: 9.858 Thread 0x000001f2f7cc0000 Exception <a 'java/lang/NoSuchMethodError'{0x000000070a1ed9e0}: java.lang.invoke.DirectMethodHandle$Holder.invokeSpecial(Ljava/lang/Object;Ljava/lang/Object;Ljava/lang/Object;Ljava/lang/Object;Ljava/lang/Object;I)Ljava/lang/Object;> (0x000000070a1ed9e0) t
Event: 9.858 Thread 0x000001f2f7cc0000 Exception <a 'java/lang/NoSuchMethodError'{0x000000070a1f10d0}: java.lang.invoke.Invokers$Holder.linkToTargetMethod(Ljava/lang/Object;Ljava/lang/Object;Ljava/lang/Object;ILjava/lang/Object;)Ljava/lang/Object;> (0x000000070a1f10d0) thrown at [./open/src/ho
Event: 10.021 Thread 0x000001f2f7cc0000 Exception <a 'java/lang/ClassNotFoundException'{0x0000000709b86588}: java/lang/ClassLoader$ByteBuddyAccessor$V1> (0x0000000709b86588) thrown at [./open/src/hotspot/share/classfile/systemDictionary.cpp, line 226]
Event: 10.635 Thread 0x000001f2f7cc0000 Exception <a 'java/lang/IncompatibleClassChangeError'{0x0000000710474ea0}: Found class java.lang.Object, but interface was expected> (0x0000000710474ea0) thrown at [./open/src/hotspot/share/interpreter/linkResolver.cpp, line 838]

Events (10 events):
Event: 10.651 loading class org/springframework/test/web/client/MockRestServiceServer
Event: 10.651 loading class org/springframework/test/web/client/MockRestServiceServer done
Event: 10.652 loading class org/springframework/restdocs/ManualRestDocumentation
Event: 10.652 loading class org/springframework/restdocs/ManualRestDocumentation done
Event: 10.653 loading class org/springframework/restdocs$ManualRestDocumentation
Event: 10.653 loading class org/springframework/restdocs$ManualRestDocumentation done
Event: 10.653 loading class org/springframework/test/context/event/AfterTestMethodEvent
Event: 10.653 loading class org/springframework/test/context/event/AfterTestMethodEvent done
Event: 10.654 loading class org/springframework/test/context/TestContext
Event: 10.654 loading class org/springframework/test/context/TestContext done


Dynamic libraries:
0x00007ff756ea0000 - 0x00007ff756eaf000 	C:\Program Files\Java\jdk-11.0.17\bin\java.exe
0x00007ffc27b90000 - 0x00007ffc27d88000 	C:\WINDOWS\SYSTEM32\ntdll.dll
0x00007ffc25fc0000 - 0x00007ffc2607f000 	C:\WINDOWS\System32\KERNEL32.DLL
0x00007ffc25640000 - 0x00007ffc25912000 	C:\WINDOWS\System32\KERNELBASE.dll
0x00007ffc25ae0000 - 0x00007ffc25be0000 	C:\WINDOWS\System32\ucrtbase.dll
0x00007ffc10890000 - 0x00007ffc108a5000 	C:\Program Files\Java\jdk-11.0.17\bin\VCRUNTIME140.dll
0x00007ffc103f0000 - 0x00007ffc10408000 	C:\Program Files\Java\jdk-11.0.17\bin\jli.dll
0x00007ffc25ee0000 - 0x00007ffc25f8e000 	C:\WINDOWS\System32\ADVAPI32.dll
0x00007ffc25e40000 - 0x00007ffc25ede000 	C:\WINDOWS\System32\msvcrt.dll
0x00007ffc26f00000 - 0x00007ffc26f9c000 	C:\WINDOWS\System32\sechost.dll
0x00007ffc26080000 - 0x00007ffc261a5000 	C:\WINDOWS\System32\RPCRT4.dll
0x00007ffc27010000 - 0x00007ffc271ad000 	C:\WINDOWS\System32\USER32.dll
0x00007ffc25310000 - 0x00007ffc25332000 	C:\WINDOWS\System32\win32u.dll
0x00007ffc25f90000 - 0x00007ffc25fbb000 	C:\WINDOWS\System32\GDI32.dll
0x00007ffc25920000 - 0x00007ffc25a2f000 	C:\WINDOWS\System32\gdi32full.dll
0x00007ffc12bb0000 - 0x00007ffc12e4a000 	C:\WINDOWS\WinSxS\amd64_microsoft.windows.common-controls_6595b64144ccf1df_6.0.19041.1110_none_60b5254171f9507e\COMCTL32.dll
0x00007ffc255a0000 - 0x00007ffc2563d000 	C:\WINDOWS\System32\msvcp_win.dll
0x00007ffc1f500000 - 0x00007ffc1f50a000 	C:\WINDOWS\SYSTEM32\VERSION.dll
0x00007ffc276e0000 - 0x00007ffc27712000 	C:\WINDOWS\System32\IMM32.DLL
0x00007ffbfad10000 - 0x00007ffbfadab000 	C:\Program Files\Java\jdk-11.0.17\bin\msvcp140.dll
0x00007ffba3090000 - 0x00007ffba3baa000 	C:\Program Files\Java\jdk-11.0.17\bin\server\jvm.dll
0x00007ffc27950000 - 0x00007ffc27958000 	C:\WINDOWS\System32\PSAPI.DLL
0x00007ffc17960000 - 0x00007ffc17987000 	C:\WINDOWS\SYSTEM32\WINMM.dll
0x00007ffc10140000 - 0x00007ffc10149000 	C:\WINDOWS\SYSTEM32\WSOCK32.dll
0x00007ffc27290000 - 0x00007ffc272fb000 	C:\WINDOWS\System32\WS2_32.dll
0x00007ffc231c0000 - 0x00007ffc231d2000 	C:\WINDOWS\SYSTEM32\kernel.appcore.dll
0x00007ffc1b450000 - 0x00007ffc1b460000 	C:\Program Files\Java\jdk-11.0.17\bin\verify.dll
0x00007ffc13d70000 - 0x00007ffc13f54000 	C:\WINDOWS\SYSTEM32\DBGHELP.DLL
0x00007ffc0efe0000 - 0x00007ffc0f00c000 	C:\WINDOWS\SYSTEM32\dbgcore.DLL
0x00007ffc25510000 - 0x00007ffc25592000 	C:\WINDOWS\System32\bcryptPrimitives.dll
0x00007ffc08390000 - 0x00007ffc083b8000 	C:\Program Files\Java\jdk-11.0.17\bin\java.dll
0x00007ffc1b180000 - 0x00007ffc1b18a000 	C:\Program Files\Java\jdk-11.0.17\bin\jimage.dll
0x00007ffc1d270000 - 0x00007ffc1d27e000 	C:\Program Files\Java\jdk-11.0.17\bin\instrument.dll
0x00007ffc0e870000 - 0x00007ffc0e886000 	C:\Program Files\Java\jdk-11.0.17\bin\zip.dll
0x00007ffc26680000 - 0x00007ffc26dc3000 	C:\WINDOWS\System32\SHELL32.dll
0x00007ffc23370000 - 0x00007ffc23b02000 	C:\WINDOWS\SYSTEM32\windows.storage.dll
0x00007ffc27380000 - 0x00007ffc276d4000 	C:\WINDOWS\System32\combase.dll
0x00007ffc24cf0000 - 0x00007ffc24d20000 	C:\WINDOWS\SYSTEM32\Wldp.dll
0x00007ffc27960000 - 0x00007ffc27a0d000 	C:\WINDOWS\System32\SHCORE.dll
0x00007ffc26620000 - 0x00007ffc26675000 	C:\WINDOWS\System32\shlwapi.dll
0x00007ffc251d0000 - 0x00007ffc251ef000 	C:\WINDOWS\SYSTEM32\profapi.dll
0x00007ffc06f50000 - 0x00007ffc06f69000 	C:\Program Files\Java\jdk-11.0.17\bin\net.dll
0x00007ffc1e640000 - 0x00007ffc1e74c000 	C:\WINDOWS\SYSTEM32\WINHTTP.dll
0x00007ffc24a50000 - 0x00007ffc24aba000 	C:\WINDOWS\system32\mswsock.dll
0x00007ffc05a60000 - 0x00007ffc05a72000 	C:\Program Files\Java\jdk-11.0.17\bin\nio.dll
0x00007ffc1bac0000 - 0x00007ffc1bada000 	C:\Program Files\JetBrains\IntelliJ IDEA Community Edition 2022.3\bin\breakgen64.dll
0x00007ffc1bba0000 - 0x00007ffc1bba9000 	C:\Program Files\Java\jdk-11.0.17\bin\management.dll
0x00007ffc15cc0000 - 0x00007ffc15ccb000 	C:\Program Files\Java\jdk-11.0.17\bin\management_ext.dll
0x00007ffc0c2e0000 - 0x00007ffc0c2f7000 	C:\WINDOWS\system32\napinsp.dll
0x00007ffc0c2a0000 - 0x00007ffc0c2bb000 	C:\WINDOWS\system32\pnrpnsp.dll
0x00007ffc0c280000 - 0x00007ffc0c295000 	C:\WINDOWS\system32\wshbth.dll
0x00007ffc21050000 - 0x00007ffc2106d000 	C:\WINDOWS\system32\NLAapi.dll
0x00007ffc246f0000 - 0x00007ffc2472b000 	C:\WINDOWS\SYSTEM32\IPHLPAPI.DLL
0x00007ffc24740000 - 0x00007ffc2480a000 	C:\WINDOWS\SYSTEM32\DNSAPI.dll
0x00007ffc26ef0000 - 0x00007ffc26ef8000 	C:\WINDOWS\System32\NSI.dll
0x00007ffc0c260000 - 0x00007ffc0c272000 	C:\WINDOWS\System32\winrnr.dll
0x00007ffc1d320000 - 0x00007ffc1d32a000 	C:\Windows\System32\rasadhlp.dll
0x00007ffc1cec0000 - 0x00007ffc1cf40000 	C:\WINDOWS\System32\fwpuclnt.dll
0x00007ffc252e0000 - 0x00007ffc25307000 	C:\WINDOWS\System32\bcrypt.dll
0x00007ffc24c40000 - 0x00007ffc24c58000 	C:\WINDOWS\SYSTEM32\CRYPTSP.dll
0x00007ffc24300000 - 0x00007ffc24334000 	C:\WINDOWS\system32\rsaenh.dll
0x00007ffc25150000 - 0x00007ffc2517e000 	C:\WINDOWS\SYSTEM32\USERENV.dll
0x00007ffc24c60000 - 0x00007ffc24c6c000 	C:\WINDOWS\SYSTEM32\CRYPTBASE.dll
0x00007ffc1f510000 - 0x00007ffc1f527000 	C:\WINDOWS\SYSTEM32\dhcpcsvc6.DLL
0x00007ffc1f4e0000 - 0x00007ffc1f4fd000 	C:\WINDOWS\SYSTEM32\dhcpcsvc.DLL

dbghelp: loaded successfully - version: 4.0.5 - missing functions: none
symbol engine: initialized successfully - sym options: 0x614 - pdb path: .;C:\Program Files\Java\jdk-11.0.17\bin;C:\WINDOWS\SYSTEM32;C:\WINDOWS\WinSxS\amd64_microsoft.windows.common-controls_6595b64144ccf1df_6.0.19041.1110_none_60b5254171f9507e;C:\Program Files\Java\jdk-11.0.17\bin\server;C:\Program Files\JetBrains\IntelliJ IDEA Community Edition 2022.3\bin

VM Arguments:
jvm_args: -ea -Didea.test.cyclic.buffer.size=1048576 -javaagent:C:\Program Files\JetBrains\IntelliJ IDEA Community Edition 2022.3\lib\idea_rt.jar=64251:C:\Program Files\JetBrains\IntelliJ IDEA Community Edition 2022.3\bin -Dfile.encoding=UTF-8 
java_command: com.intellij.rt.junit.JUnitStarter -ideVersion5 -junit5 hello.hellospring.service.MemberServiceIntegrationTest,회원가입
java_class_path (initial): C:\Users\Owner\.m2\repository\org\junit\platform\junit-platform-launcher\1.8.2\junit-platform-launcher-1.8.2.jar;C:\Users\Owner\.m2\repository\org\junit\platform\junit-platform-engine\1.8.2\junit-platform-engine-1.8.2.jar;C:\Users\Owner\.m2\repository\org\opentest4j\opentest4j\1.2.0\opentest4j-1.2.0.jar;C:\Users\Owner\.m2\repository\org\junit\platform\junit-platform-commons\1.8.2\junit-platform-commons-1.8.2.jar;C:\Users\Owner\.m2\repository\org\apiguardian\apiguardian-api\1.1.2\apiguardian-api-1.1.2.jar;C:\Program Files\JetBrains\IntelliJ IDEA Community Edition 2022.3\lib\idea_rt.jar;C:\Program Files\JetBrains\IntelliJ IDEA Community Edition 2022.3\plugins\junit\lib\junit5-rt.jar;C:\Program Files\JetBrains\IntelliJ IDEA Community Edition 2022.3\plugins\junit\lib\junit-rt.jar;C:\Users\Owner\hello-spring\hello-spring\out\test\classes;C:\Users\Owner\hello-spring\hello-spring\out\production\classes;C:\Users\Owner\hello-spring\hello-spring\out\production\resources;C:\Users\Owner\.gradle\caches\modules-2\files-2.1\org.springframework.boot\spring-boot-starter-thymeleaf\2.7.6\18056127ee9253fbbb71d80e9dbd10827555ec27\spring-boot-starter-thymeleaf-2.7.6.jar;C:\Users\Owner\.gradle\caches\modules-2\files-2.1\org.springframework.boot\spring-boot-starter-web\2.7.6\9d0166a0390df593243bdc798ca7a1db20ddea9c\spring-boot-starter-web-2.7.6.jar;C:\Users\Owner\.gradle\caches\modules-2\files-2.1\org.springframework.boot\spring-boot-starter-data-jpa\2.7.6\7eef599012347f2fb7f84ba71eba10caf094dfb5\spring-boot-starter-data-jpa-2.7.6.jar;C:\Users\Owner\.gradle\caches\modules-2\files-2.1\org.springframework.boot\spring-boot-starter-test\2.7.6\38f4300b939115eae92c1a40ce6e75fe3bbeac00\spring-boot-starter-test-2.7.6.jar;C:\Users\Owner\.gradle\caches\modules-2\files-2.1\org.springframework.boot\spring-boot-starter\2.7.6\d15341c0fc0b1d1362ce6c737b34679ad1f836c\spring-boot-starter-2.7.6.jar;C:\Users\Owner\.gradle\caches\modules-2\files-2.1\org.thymeleaf\thymeleaf-spring5
Launcher Type: SUN_STANDARD

[Global flags]
     intx CICompilerCount                          = 4                                         {product} {ergonomic}
     uint ConcGCThreads                            = 3                                         {product} {ergonomic}
     uint G1ConcRefinementThreads                  = 10                                        {product} {ergonomic}
   size_t G1HeapRegionSize                         = 1048576                                   {product} {ergonomic}
    uintx GCDrainStackTargetSize                   = 64                                        {product} {ergonomic}
   size_t InitialHeapSize                          = 268435456                                 {product} {ergonomic}
   size_t MarkStackSize                            = 4194304                                   {product} {ergonomic}
   size_t MaxHeapSize                              = 4278190080                                {product} {ergonomic}
   size_t MaxNewSize                               = 2566914048                                {product} {ergonomic}
   size_t MinHeapDeltaBytes                        = 1048576                                   {product} {ergonomic}
    uintx NonNMethodCodeHeapSize                   = 5836300                                {pd product} {ergonomic}
    uintx NonProfiledCodeHeapSize                  = 122910970                              {pd product} {ergonomic}
    uintx ProfiledCodeHeapSize                     = 122910970                              {pd product} {ergonomic}
    uintx ReservedCodeCacheSize                    = 251658240                              {pd product} {ergonomic}
     bool SegmentedCodeCache                       = true                                      {product} {ergonomic}
     bool UseCompressedClassPointers               = true                                 {lp64_product} {ergonomic}
     bool UseCompressedOops                        = true                                 {lp64_product} {ergonomic}
     bool UseG1GC                                  = true                                      {product} {ergonomic}
     bool UseLargePagesIndividualAllocation        = false                                  {pd product} {ergonomic}

Logging:
Log output configuration:
 #0: stdout all=warning uptime,level,tags
 #1: stderr all=off uptime,level,tags

Environment Variables:
JAVA_HOME=C:\Program Files\Java\jdk-11.0.17
PATH=D:\app\Owner\product\11.2.0\dbhome_1\bin;C:\Program Files (x86)\NAT Service;C:\Windows\system32;C:\Windows;C:\Windows\System32\Wbem;C:\Windows\System32\WindowsPowerShell\v1.0\;C:\Program Files (x86)\NVIDIA Corporation\PhysX\Common;C:\WINDOWS\system32;C:\WINDOWS;C:\WINDOWS\System32\Wbem;C:\WINDOWS\System32\WindowsPowerShell\v1.0\;C:\WINDOWS\System32\OpenSSH\;C:\Program Files\Java\jdk-11.0.17\bin;C:\Users\Owner\AppData\Local\Programs\Python\Python37-32\Scripts\;C:\Users\Owner\AppData\Local\Programs\Python\Python37-32\;C:\Users\Owner\AppData\Local\Microsoft\WindowsApps;
USERNAME=Owner
OS=Windows_NT
PROCESSOR_IDENTIFIER=AMD64 Family 23 Model 1 Stepping 1, AuthenticAMD



---------------  S Y S T E M  ---------------

OS: Windows 10 , 64 bit Build 19041 (10.0.19041.2251)

CPU:total 12 (initial active 12) (12 cores per cpu, 2 threads per core) family 23 model 1 stepping 1 microcode 0x0, cmov, cx8, fxsr, mmx, sse, sse2, sse3, ssse3, sse4.1, sse4.2, popcnt, avx, avx2, aes, clmul, mmxext, 3dnowpref, lzcnt, sse4a, ht, tsc, tscinvbit, tscinv, bmi1, bmi2, adx, s

Memory: 4k page, system-wide physical 16316M (3324M free)
TotalPageFile size 32188M (AvailPageFile size 6680M)
current process WorkingSet (physical memory assigned to process): 354M, peak: 378M
current process commit charge ("private bytes"): 493M, peak: 517M

vm_info: Java HotSpot(TM) 64-Bit Server VM (11.0.17+10-LTS-269) for windows-amd64 JRE (11.0.17+10-LTS-269), built on Sep 13 2022 19:26:37 by "mach5one" with MS VC++ 15.9 (VS2017)

END.
